<?xml version="1.0" encoding="UTF-8"?>
<testng-results skipped="0" failed="0" total="1" passed="1">
  <reporter-output>
  </reporter-output>
  <suite name="Default suite" duration-ms="13849" started-at="2016-06-29T18:28:45Z" finished-at="2016-06-29T18:28:59Z">
    <groups>
    </groups>
    <test name="Default test" duration-ms="13849" started-at="2016-06-29T18:28:45Z" finished-at="2016-06-29T18:28:59Z">
      <class name="iConnectConsulting.LabWebportal">
        <test-method status="PASS" signature="getWebDriver()[pri:0, instance:iConnectConsulting.LabWebportal@46d59067]" name="getWebDriver" is-config="true" duration-ms="41" started-at="2016-06-29T11:28:45Z" finished-at="2016-06-29T11:28:45Z">
          <reporter-output>
          </reporter-output>
        </test-method> <!-- getWebDriver -->
        <test-method status="PASS" signature="labwebportalLoginPass()[pri:0, instance:iConnectConsulting.LabWebportal@46d59067]" name="labwebportalLoginPass" duration-ms="13523" started-at="2016-06-29T11:28:45Z" finished-at="2016-06-29T11:28:59Z">
          <reporter-output>
          </reporter-output>
        </test-method> <!-- labwebportalLoginPass -->
        <test-method status="PASS" signature="tearDown()[pri:0, instance:iConnectConsulting.LabWebportal@46d59067]" name="tearDown" is-config="true" duration-ms="214" started-at="2016-06-29T11:28:59Z" finished-at="2016-06-29T11:28:59Z">
          <reporter-output>
          </reporter-output>
        </test-method> <!-- tearDown -->
      </class> <!-- iConnectConsulting.LabWebportal -->
    </test> <!-- Default test -->
  </suite> <!-- Default suite -->
</testng-results>
