<?xml version="1.0" encoding="UTF-8"?>
<testng-results skipped="0" failed="0" total="1" passed="1">
  <reporter-output>
  </reporter-output>
  <suite name="Default suite" duration-ms="8341" started-at="2016-06-30T23:58:08Z" finished-at="2016-06-30T23:58:17Z">
    <groups>
    </groups>
    <test name="Default test" duration-ms="8341" started-at="2016-06-30T23:58:08Z" finished-at="2016-06-30T23:58:17Z">
      <class name="iConnectConsulting.MainTest">
        <test-method status="PASS" signature="getWebDriver()[pri:0, instance:iConnectConsulting.MainTest@798162bc]" name="getWebDriver" is-config="true" duration-ms="20" started-at="2016-06-30T16:58:08Z" finished-at="2016-06-30T16:58:08Z">
          <reporter-output>
          </reporter-output>
        </test-method> <!-- getWebDriver -->
        <test-method status="PASS" signature="tearDown()[pri:0, instance:iConnectConsulting.MainTest@798162bc]" name="tearDown" is-config="true" duration-ms="237" started-at="2016-06-30T16:58:16Z" finished-at="2016-06-30T16:58:17Z">
          <reporter-output>
          </reporter-output>
        </test-method> <!-- tearDown -->
      </class> <!-- iConnectConsulting.MainTest -->
      <class name="iConnectConsulting.LabWebportal">
        <test-method status="PASS" signature="labwebportalLoginPass()[pri:0, instance:iConnectConsulting.LabWebportal@1df8da7a]" name="labwebportalLoginPass" duration-ms="8024" started-at="2016-06-30T16:58:08Z" finished-at="2016-06-30T16:58:16Z">
          <reporter-output>
          </reporter-output>
        </test-method> <!-- labwebportalLoginPass -->
      </class> <!-- iConnectConsulting.LabWebportal -->
    </test> <!-- Default test -->
  </suite> <!-- Default suite -->
</testng-results>
